12:47:26.070 INFO [main] org.lenskit.cli.Main: Starting LensKit 3.0-M1 on Java 1.8.0_171 from Oracle Corporation
12:47:26.093 DEBUG [main] org.lenskit.LenskitInfo: have 5573 active revisions
12:47:26.097 DEBUG [main] org.lenskit.cli.Main: Built from Git revision c0210fa3281ef8b15b0959bcd5fced43c5fec38a
12:47:26.097 DEBUG [main] org.lenskit.cli.Main: Using VM 'Java HotSpot(TM) 64-Bit Server VM' version 25.171-b11 from Oracle Corporation
12:47:26.097 INFO [main] org.lenskit.cli.Main: Have 8 processors and heap limit of 3641 MiB
12:47:26.107 INFO [main] org.lenskit.cli.util.RecommenderLoader: creating fresh recommender
12:47:26.352 INFO [main] org.lenskit.config.ConfigurationLoader: loading script from file:/Users/german/Documents/Recommenders/Honor%20Assignment/nonpers-assignment/etc/damped-mean.groovy
12:47:26.796 DEBUG [main] org.lenskit.data.dao.file.TextEntitySource: loading source ratings with base URI file:/Users/german/Documents/Recommenders/Honor%20Assignment/nonpers-assignment/data/movielens.yml
12:47:26.797 DEBUG [main] org.lenskit.data.dao.file.TextEntitySource: resolved file URI: file:/Users/german/Documents/Recommenders/Honor%20Assignment/nonpers-assignment/data/ratings.csv
12:47:26.804 INFO [main] org.lenskit.data.dao.file.TextEntitySource: loading text file source ratings to read from file:/Users/german/Documents/Recommenders/Honor%20Assignment/nonpers-assignment/data/ratings.csv
12:47:26.809 DEBUG [main] org.lenskit.data.dao.file.TextEntitySource: ratings: using delimiter ,
12:47:26.809 DEBUG [main] org.lenskit.data.dao.file.TextEntitySource: ratings: reading header
12:47:26.809 DEBUG [main] org.lenskit.data.dao.file.TextEntitySource: ratings: reading entities of type EntityType[rating]
12:47:26.844 DEBUG [main] org.lenskit.data.dao.file.TextEntitySource: class org.lenskit.data.ratings.RatingBuilder: using entity builder {}
12:47:26.844 DEBUG [main] org.lenskit.data.dao.file.TextEntitySource: loading source movies with base URI file:/Users/german/Documents/Recommenders/Honor%20Assignment/nonpers-assignment/data/movielens.yml
12:47:26.845 DEBUG [main] org.lenskit.data.dao.file.TextEntitySource: resolved file URI: file:/Users/german/Documents/Recommenders/Honor%20Assignment/nonpers-assignment/data/movies.csv
12:47:26.845 INFO [main] org.lenskit.data.dao.file.TextEntitySource: loading text file source movies to read from file:/Users/german/Documents/Recommenders/Honor%20Assignment/nonpers-assignment/data/movies.csv
12:47:26.845 DEBUG [main] org.lenskit.data.dao.file.TextEntitySource: movies: using delimiter ,
12:47:26.845 DEBUG [main] org.lenskit.data.dao.file.TextEntitySource: movies: reading header
12:47:26.845 DEBUG [main] org.lenskit.data.dao.file.TextEntitySource: movies: reading entities of type EntityType[item]
12:47:26.845 DEBUG [main] org.lenskit.data.dao.file.TextEntitySource: class org.lenskit.data.entities.BasicEntityBuilder: using entity builder {}
12:47:26.845 DEBUG [main] org.lenskit.data.dao.file.TextEntitySource: loading source tags with base URI file:/Users/german/Documents/Recommenders/Honor%20Assignment/nonpers-assignment/data/movielens.yml
12:47:26.845 DEBUG [main] org.lenskit.data.dao.file.TextEntitySource: resolved file URI: file:/Users/german/Documents/Recommenders/Honor%20Assignment/nonpers-assignment/data/tags.csv
12:47:26.845 INFO [main] org.lenskit.data.dao.file.TextEntitySource: loading text file source tags to read from file:/Users/german/Documents/Recommenders/Honor%20Assignment/nonpers-assignment/data/tags.csv
12:47:26.845 DEBUG [main] org.lenskit.data.dao.file.TextEntitySource: tags: using delimiter ,
12:47:26.845 DEBUG [main] org.lenskit.data.dao.file.TextEntitySource: tags: reading header
12:47:26.846 DEBUG [main] org.lenskit.data.dao.file.TextEntitySource: tags: reading entities of type EntityType[item-tag]
12:47:26.846 DEBUG [main] org.lenskit.data.dao.file.TextEntitySource: class org.lenskit.data.entities.BasicEntityBuilder: using entity builder {}
12:47:26.847 DEBUG [main] org.lenskit.LenskitRecommenderEngineBuilder: building graph from 3 configurations
12:47:26.894 DEBUG [main] org.lenskit.inject.RecommenderInstantiator: replacing nodes in graph with 10 nodes
12:47:26.898 DEBUG [main] org.lenskit.inject.RecommenderInstantiator: found 6 shared nodes
12:47:27.683 INFO [main] org.lenskit.data.dao.file.StaticDataSource: deriving entity type EntityType[user] from EntityType[rating] (column TypedName[user: long])
12:47:27.778 INFO [main] org.lenskit.data.dao.file.StaticDataSource: deriving entity type EntityType[item] from EntityType[rating] (column TypedName[item: long])
12:47:27.825 DEBUG [main] org.lenskit.data.entities.EntityCollectionBuilder: built collection of 2500 entities with type EntityType[item] and 2 indexes
12:47:27.852 DEBUG [main] org.lenskit.data.entities.EntityCollectionBuilder: built collection of 264505 entities with type EntityType[rating] and 2 indexes
12:47:27.861 DEBUG [main] org.lenskit.data.entities.EntityCollectionBuilder: built collection of 94875 entities with type EntityType[item-tag] and 2 indexes
12:47:27.862 DEBUG [main] org.lenskit.data.entities.EntityCollectionBuilder: built collection of 862 entities with type EntityType[user] and 2 indexes
12:47:27.989 INFO [main] org.lenskit.mooc.nonpers.mean.DampedItemMeanModelProvider: item [1203] 4.226908822295371
12:47:27.990 INFO [main] org.lenskit.mooc.nonpers.mean.DampedItemMeanModelProvider: item [2959] 4.2521421779516055
12:47:27.990 INFO [main] org.lenskit.mooc.nonpers.mean.DampedItemMeanModelProvider: computed damped mean ratings for 2500 items
12:47:28.000 DEBUG [main] org.lenskit.inject.RecommenderInstantiator: final graph has 10 nodes
12:47:28.001 INFO [main] org.lenskit.cli.util.RecommenderLoader: built recommender in 1.154 s
12:47:28.004 INFO [main] org.lenskit.cli.commands.GlobalRecommend: using 0 reference items: []
12:47:28.006 INFO [main] org.lenskit.mooc.nonpers.mean.MeanItemBasedItemRecommender: computing 10 recommendations from 2500 items
12:47:28.020 INFO [main] org.lenskit.cli.commands.GlobalRecommend: recommended in 14.90 ms
12:47:28.020 INFO [main] org.lenskit.cli.Main: If you use LensKit in published research, please see http://lenskit.org/research/
