17:31:13.270 INFO [main] org.lenskit.cli.Main: Starting LensKit 3.0-M1 on Java 1.8.0_171 from Oracle Corporation
17:31:13.290 DEBUG [main] org.lenskit.LenskitInfo: have 5573 active revisions
17:31:13.294 DEBUG [main] org.lenskit.cli.Main: Built from Git revision c0210fa3281ef8b15b0959bcd5fced43c5fec38a
17:31:13.295 DEBUG [main] org.lenskit.cli.Main: Using VM 'Java HotSpot(TM) 64-Bit Server VM' version 25.171-b11 from Oracle Corporation
17:31:13.295 INFO [main] org.lenskit.cli.Main: Have 8 processors and heap limit of 3641 MiB
17:31:13.305 INFO [main] org.lenskit.cli.util.RecommenderLoader: creating fresh recommender
17:31:13.515 INFO [main] org.lenskit.config.ConfigurationLoader: loading script from file:/Users/german/Documents/Recommenders/Honor%20Assignment/nonpers-assignment/etc/mean.groovy
17:31:13.919 DEBUG [main] org.lenskit.data.dao.file.TextEntitySource: loading source ratings with base URI file:/Users/german/Documents/Recommenders/Honor%20Assignment/nonpers-assignment/data/movielens.yml
17:31:13.919 DEBUG [main] org.lenskit.data.dao.file.TextEntitySource: resolved file URI: file:/Users/german/Documents/Recommenders/Honor%20Assignment/nonpers-assignment/data/ratings.csv
17:31:13.926 INFO [main] org.lenskit.data.dao.file.TextEntitySource: loading text file source ratings to read from file:/Users/german/Documents/Recommenders/Honor%20Assignment/nonpers-assignment/data/ratings.csv
17:31:13.931 DEBUG [main] org.lenskit.data.dao.file.TextEntitySource: ratings: using delimiter ,
17:31:13.932 DEBUG [main] org.lenskit.data.dao.file.TextEntitySource: ratings: reading header
17:31:13.932 DEBUG [main] org.lenskit.data.dao.file.TextEntitySource: ratings: reading entities of type EntityType[rating]
17:31:13.965 DEBUG [main] org.lenskit.data.dao.file.TextEntitySource: class org.lenskit.data.ratings.RatingBuilder: using entity builder {}
17:31:13.965 DEBUG [main] org.lenskit.data.dao.file.TextEntitySource: loading source movies with base URI file:/Users/german/Documents/Recommenders/Honor%20Assignment/nonpers-assignment/data/movielens.yml
17:31:13.965 DEBUG [main] org.lenskit.data.dao.file.TextEntitySource: resolved file URI: file:/Users/german/Documents/Recommenders/Honor%20Assignment/nonpers-assignment/data/movies.csv
17:31:13.965 INFO [main] org.lenskit.data.dao.file.TextEntitySource: loading text file source movies to read from file:/Users/german/Documents/Recommenders/Honor%20Assignment/nonpers-assignment/data/movies.csv
17:31:13.965 DEBUG [main] org.lenskit.data.dao.file.TextEntitySource: movies: using delimiter ,
17:31:13.965 DEBUG [main] org.lenskit.data.dao.file.TextEntitySource: movies: reading header
17:31:13.965 DEBUG [main] org.lenskit.data.dao.file.TextEntitySource: movies: reading entities of type EntityType[item]
17:31:13.966 DEBUG [main] org.lenskit.data.dao.file.TextEntitySource: class org.lenskit.data.entities.BasicEntityBuilder: using entity builder {}
17:31:13.966 DEBUG [main] org.lenskit.data.dao.file.TextEntitySource: loading source tags with base URI file:/Users/german/Documents/Recommenders/Honor%20Assignment/nonpers-assignment/data/movielens.yml
17:31:13.966 DEBUG [main] org.lenskit.data.dao.file.TextEntitySource: resolved file URI: file:/Users/german/Documents/Recommenders/Honor%20Assignment/nonpers-assignment/data/tags.csv
17:31:13.966 INFO [main] org.lenskit.data.dao.file.TextEntitySource: loading text file source tags to read from file:/Users/german/Documents/Recommenders/Honor%20Assignment/nonpers-assignment/data/tags.csv
17:31:13.966 DEBUG [main] org.lenskit.data.dao.file.TextEntitySource: tags: using delimiter ,
17:31:13.966 DEBUG [main] org.lenskit.data.dao.file.TextEntitySource: tags: reading header
17:31:13.966 DEBUG [main] org.lenskit.data.dao.file.TextEntitySource: tags: reading entities of type EntityType[item-tag]
17:31:13.966 DEBUG [main] org.lenskit.data.dao.file.TextEntitySource: class org.lenskit.data.entities.BasicEntityBuilder: using entity builder {}
17:31:13.970 DEBUG [main] org.lenskit.LenskitRecommenderEngineBuilder: building graph from 3 configurations
17:31:14.019 DEBUG [main] org.lenskit.inject.RecommenderInstantiator: replacing nodes in graph with 9 nodes
17:31:14.024 DEBUG [main] org.lenskit.inject.RecommenderInstantiator: found 5 shared nodes
17:31:15.021 INFO [main] org.lenskit.data.dao.file.StaticDataSource: deriving entity type EntityType[user] from EntityType[rating] (column TypedName[user: long])
17:31:15.108 INFO [main] org.lenskit.data.dao.file.StaticDataSource: deriving entity type EntityType[item] from EntityType[rating] (column TypedName[item: long])
17:31:15.138 DEBUG [main] org.lenskit.data.entities.EntityCollectionBuilder: built collection of 2500 entities with type EntityType[item] and 2 indexes
17:31:15.159 DEBUG [main] org.lenskit.data.entities.EntityCollectionBuilder: built collection of 264505 entities with type EntityType[rating] and 2 indexes
17:31:15.167 DEBUG [main] org.lenskit.data.entities.EntityCollectionBuilder: built collection of 94875 entities with type EntityType[item-tag] and 2 indexes
17:31:15.168 DEBUG [main] org.lenskit.data.entities.EntityCollectionBuilder: built collection of 862 entities with type EntityType[user] and 2 indexes
17:31:15.227 INFO [main] org.lenskit.mooc.nonpers.mean.ItemMeanModelProvider: computed mean ratings for 2500 items
17:31:15.236 DEBUG [main] org.lenskit.inject.RecommenderInstantiator: final graph has 9 nodes
17:31:15.237 INFO [main] org.lenskit.cli.util.RecommenderLoader: built recommender in 1.267 s
17:31:15.241 INFO [main] org.lenskit.cli.commands.GlobalRecommend: using 0 reference items: []
17:31:15.242 INFO [main] org.lenskit.mooc.nonpers.mean.MeanItemBasedItemRecommender: computing 10 recommendations from 2500 items
17:31:15.255 INFO [main] org.lenskit.cli.commands.GlobalRecommend: recommended in 13.44 ms
17:31:15.255 INFO [main] org.lenskit.cli.Main: If you use LensKit in published research, please see http://lenskit.org/research/
